10, 08, 2013 (15:08:11): Opening rpy file C:\Program Files\IBM\Rational\Rhapsody Modeler\7.5\Share\Properties\PredefinedTypes.sbs
10, 08, 2013 (15:08:11): 
 Started loading C:\Program Files\IBM\Rational\Rhapsody Modeler\7.5\Share\Properties\PredefinedTypes.sbs on Tuesday, October 08, 2013 (15:08:11).-

10, 08, 2013 (15:08:11): 

Starting inUnit resolution phase


10, 08, 2013 (15:08:11): 

Finished inUnit resolution phase


10, 08, 2013 (15:08:11): 
 Finished loading C:\Program Files\IBM\Rational\Rhapsody Modeler\7.5\Share\Properties\PredefinedTypes.sbs on Tuesday, October 08, 2013 (15:08:11).-

10, 08, 2013 (15:08:11): Opening rpy file C:\Program Files\IBM\Rational\Rhapsody Modeler\7.5\Share\Properties\PredefinedTypesC++.sbs
10, 08, 2013 (15:08:11): 
 Started loading C:\Program Files\IBM\Rational\Rhapsody Modeler\7.5\Share\Properties\PredefinedTypesC++.sbs on Tuesday, October 08, 2013 (15:08:11).-

10, 08, 2013 (15:08:11): 

Starting inUnit resolution phase


10, 08, 2013 (15:08:11): 

Finished inUnit resolution phase


10, 08, 2013 (15:08:12): 
 Finished loading C:\Program Files\IBM\Rational\Rhapsody Modeler\7.5\Share\Properties\PredefinedTypesC++.sbs on Tuesday, October 08, 2013 (15:08:12).-

10, 08, 2013 (15:08:12): Opening rpy file C:\Documents and Settings\205112086\Desktop\Attendencetaker\Attendencetaker.rpy
10, 08, 2013 (15:08:12): 
 Started loading C:\Documents and Settings\205112086\Desktop\Attendencetaker\Attendencetaker.rpy on Tuesday, October 08, 2013 (15:08:12).-

10, 08, 2013 (15:08:12): Opening rpy file C:\Documents and Settings\205112086\Desktop\Attendencetaker\Attendencetaker_rpy\Default.sbs
10, 08, 2013 (15:08:12): 
 Started loading C:\Documents and Settings\205112086\Desktop\Attendencetaker\Attendencetaker_rpy\Default.sbs on Tuesday, October 08, 2013 (15:08:12).-

10, 08, 2013 (15:08:12): 

Starting inUnit resolution phase


10, 08, 2013 (15:08:12): 

Finished inUnit resolution phase


10, 08, 2013 (15:08:12): 
 Finished loading C:\Documents and Settings\205112086\Desktop\Attendencetaker\Attendencetaker_rpy\Default.sbs on Tuesday, October 08, 2013 (15:08:12).-

10, 08, 2013 (15:08:12): Opening rpy file C:\Documents and Settings\205112086\Desktop\Attendencetaker\Attendencetaker_rpy\attendancelog.sbs
10, 08, 2013 (15:08:12): 
 Started loading C:\Documents and Settings\205112086\Desktop\Attendencetaker\Attendencetaker_rpy\attendancelog.sbs on Tuesday, October 08, 2013 (15:08:12).-

10, 08, 2013 (15:08:12): 

Starting inUnit resolution phase


10, 08, 2013 (15:08:12): 

Finished inUnit resolution phase


10, 08, 2013 (15:08:12): 
 Finished loading C:\Documents and Settings\205112086\Desktop\Attendencetaker\Attendencetaker_rpy\attendancelog.sbs on Tuesday, October 08, 2013 (15:08:12).-

10, 08, 2013 (15:08:12): Opening rpy file C:\Documents and Settings\205112086\Desktop\Attendencetaker\Attendencetaker_rpy\DefaultComponent.cmp
10, 08, 2013 (15:08:12): 
 Started loading C:\Documents and Settings\205112086\Desktop\Attendencetaker\Attendencetaker_rpy\DefaultComponent.cmp on Tuesday, October 08, 2013 (15:08:12).-

10, 08, 2013 (15:08:12): 

Starting inUnit resolution phase


10, 08, 2013 (15:08:12): 

Finished inUnit resolution phase


10, 08, 2013 (15:08:12): 
 Finished loading C:\Documents and Settings\205112086\Desktop\Attendencetaker\Attendencetaker_rpy\DefaultComponent.cmp on Tuesday, October 08, 2013 (15:08:12).-

10, 08, 2013 (15:08:12): 

Starting inUnit resolution phase


10, 08, 2013 (15:08:12): 

Finished inUnit resolution phase


10, 08, 2013 (15:08:12): 

Starting inUnit resolution phase


10, 08, 2013 (15:08:12): 

Finished inUnit resolution phase


10, 08, 2013 (15:08:12): 

Starting inUnit resolution phase


10, 08, 2013 (15:08:12): 

Finished inUnit resolution phase


10, 08, 2013 (15:08:12): 
 Finished loading C:\Documents and Settings\205112086\Desktop\Attendencetaker\Attendencetaker.rpy on Tuesday, October 08, 2013 (15:08:12).-

10, 08, 2013 (15:08:12): Starting checks of EventsBaseID conflicts
10, 08, 2013 (15:08:12): Finished checks of EventsBaseID conflicts
10, 08, 2013 (15:08:12): End Log
