10, 08, 2013 (16:01:27): Starting Pre-Save actions

10, 08, 2013 (16:01:27): Starting Dialogs Check/Save
10, 08, 2013 (16:01:27): Finished Dialogs Check/Save
10, 08, 2013 (16:01:27): Starting Controlled Files Resolution
10, 08, 2013 (16:01:27): Finished Controlled Files Resolution
10, 08, 2013 (16:01:27): Finished Pre-Save actions

10, 08, 2013 (16:01:27): Creating C:\Documents and Settings\205112086\Desktop\Attendencetaker\Attendencetaker.rpy
10, 08, 2013 (16:01:27): 
Started writing C:\Documents and Settings\205112086\Desktop\Attendencetaker\Attendencetaker.rpy on Tuesday, October 08, 2013 (16:01:27)

10, 08, 2013 (16:01:27): version 8.5.2
10, 08, 2013 (16:01:27): 
Started writing C:\Documents and Settings\205112086\Desktop\Attendencetaker\Attendencetaker_rpy\filesTable.dat on Tuesday, October 08, 2013 (16:01:27)

10, 08, 2013 (16:01:27): Finished writing C:\Documents and Settings\205112086\Desktop\Attendencetaker\Attendencetaker_rpy\filesTable.dat on Tuesday, October 08, 2013 (16:01:27)

10, 08, 2013 (16:01:27): Creating C:\Documents and Settings\205112086\Desktop\Attendencetaker\Attendencetaker_rpy\Default.sbs
10, 08, 2013 (16:01:27): 
Started writing C:\Documents and Settings\205112086\Desktop\Attendencetaker\Attendencetaker_rpy\Default.sbs on Tuesday, October 08, 2013 (16:01:27)

10, 08, 2013 (16:01:27): version 8.5.2
10, 08, 2013 (16:01:27): Finished writing C:\Documents and Settings\205112086\Desktop\Attendencetaker\Attendencetaker_rpy\Default.sbs on Tuesday, October 08, 2013 (16:01:27)

10, 08, 2013 (16:01:27): Creating C:\Documents and Settings\205112086\Desktop\Attendencetaker\Attendencetaker_rpy\attendancelog.sbs
10, 08, 2013 (16:01:27): 
Started writing C:\Documents and Settings\205112086\Desktop\Attendencetaker\Attendencetaker_rpy\attendancelog.sbs on Tuesday, October 08, 2013 (16:01:27)

10, 08, 2013 (16:01:27): version 8.5.2
10, 08, 2013 (16:01:27): Finished writing C:\Documents and Settings\205112086\Desktop\Attendencetaker\Attendencetaker_rpy\attendancelog.sbs on Tuesday, October 08, 2013 (16:01:27)

10, 08, 2013 (16:01:27): Creating C:\Documents and Settings\205112086\Desktop\Attendencetaker\Attendencetaker_rpy\DefaultComponent.cmp
10, 08, 2013 (16:01:27): 
Started writing C:\Documents and Settings\205112086\Desktop\Attendencetaker\Attendencetaker_rpy\DefaultComponent.cmp on Tuesday, October 08, 2013 (16:01:27)

10, 08, 2013 (16:01:27): version 8.5.2
10, 08, 2013 (16:01:28): Finished writing C:\Documents and Settings\205112086\Desktop\Attendencetaker\Attendencetaker_rpy\DefaultComponent.cmp on Tuesday, October 08, 2013 (16:01:28)

10, 08, 2013 (16:01:28): Finished writing C:\Documents and Settings\205112086\Desktop\Attendencetaker\Attendencetaker.rpy on Tuesday, October 08, 2013 (16:01:28)

10, 08, 2013 (16:01:28): End Log
